Using pre-set license
Built from '2021.3/staging' branch; Version is '2021.3.20f1 (577897200b8b) revision 5732503'; Using compiler version '192829333'; Build Type 'Release'
OS: 'Windows 10  (10.0.19045) 64bit Professional' Language: 'en' Physical Memory: 16269 MB
BatchMode: 1, IsHumanControllingUs: 0, StartBugReporterOnCrash: 0, Is64bit: 1, IsPro: 1

COMMAND LINE ARGUMENTS:
C:\Program Files\Unity\Hub\Editor\2021.3.20f1\Editor\Unity.exe
-adb2
-batchMode
-noUpm
-name
AssetImportWorker0
-projectPath
C:/Users/USER 10/Desktop/kuliah/Pengembangan dan Operasi/Code Git HUB
-logFile
Logs/AssetImportWorker0.log
-srvPort
62064
Successfully changed project path to: C:/Users/USER 10/Desktop/kuliah/Pengembangan dan Operasi/Code Git HUB
C:/Users/USER 10/Desktop/kuliah/Pengembangan dan Operasi/Code Git HUB
[UnityMemory] Configuration Parameters - Can be set up in boot.config
    "memorysetup-bucket-allocator-granularity=16"
    "memorysetup-bucket-allocator-bucket-count=8"
    "memorysetup-bucket-allocator-block-size=33554432"
    "memorysetup-bucket-allocator-block-count=8"
    "memorysetup-main-allocator-block-size=16777216"
    "memorysetup-thread-allocator-block-size=16777216"
    "memorysetup-gfx-main-allocator-block-size=16777216"
    "memorysetup-gfx-thread-allocator-block-size=16777216"
    "memorysetup-cache-allocator-block-size=4194304"
    "memorysetup-typetree-allocator-block-size=2097152"
    "memorysetup-profiler-bucket-allocator-granularity=16"
    "memorysetup-profiler-bucket-allocator-bucket-count=8"
    "memorysetup-profiler-bucket-allocator-block-size=33554432"
    "memorysetup-profiler-bucket-allocator-block-count=8"
    "memorysetup-profiler-allocator-block-size=16777216"
    "memorysetup-profiler-editor-allocator-block-size=1048576"
    "memorysetup-temp-allocator-size-main=16777216"
    "memorysetup-job-temp-allocator-block-size=2097152"
    "memorysetup-job-temp-allocator-block-size-background=1048576"
    "memorysetup-job-temp-allocator-reduction-small-platforms=262144"
    "memorysetup-temp-allocator-size-background-worker=32768"
    "memorysetup-temp-allocator-size-job-worker=262144"
    "memorysetup-temp-allocator-size-preload-manager=33554432"
    "memorysetup-temp-allocator-size-nav-mesh-worker=65536"
    "memorysetup-temp-allocator-size-audio-worker=65536"
    "memorysetup-temp-allocator-size-cloud-worker=32768"
    "memorysetup-temp-allocator-size-gi-baking-worker=262144"
    "memorysetup-temp-allocator-size-gfx=262144"
Player connection [8984] Host "[IP] 192.168.56.1 [Port] 0 [Flags] 2 [Guid] 385255422 [EditorId] 385255422 [Version] 1048832 [Id] WindowsEditor(7,DESKTOP-6955H5M) [Debug] 1 [PackageName] WindowsEditor [ProjectName] Editor" joined multi-casting on [225.0.0.222:54997]...

Player connection [8984] Host "[IP] 192.168.56.1 [Port] 0 [Flags] 2 [Guid] 385255422 [EditorId] 385255422 [Version] 1048832 [Id] WindowsEditor(7,DESKTOP-6955H5M) [Debug] 1 [PackageName] WindowsEditor [ProjectName] Editor" joined alternative multi-casting on [225.0.0.222:34997]...

Refreshing native plugins compatible for Editor in 271.09 ms, found 3 plugins.
Preloading 0 native plugins for Editor in 0.00 ms.
Initialize engine version: 2021.3.20f1 (577897200b8b)
[Subsystems] Discovering subsystems at path C:/Program Files/Unity/Hub/Editor/2021.3.20f1/Editor/Data/Resources/UnitySubsystems
[Subsystems] Discovering subsystems at path C:/Users/USER 10/Desktop/kuliah/Pengembangan dan Operasi/Code Git HUB/Assets
GfxDevice: creating device client; threaded=0; jobified=0
Direct3D:
    Version:  Direct3D 11.0 [level 11.1]
    Renderer: NVIDIA GeForce GTX 1050 Ti (ID=0x1c8c)
    Vendor:   NVIDIA
    VRAM:     4021 MB
    Driver:   27.21.14.5148
Initialize mono
Mono path[0] = 'C:/Program Files/Unity/Hub/Editor/2021.3.20f1/Editor/Data/Managed'
Mono path[1] = 'C:/Program Files/Unity/Hub/Editor/2021.3.20f1/Editor/Data/MonoBleedingEdge/lib/mono/unityjit-win32'
Mono config path = 'C:/Program Files/Unity/Hub/Editor/2021.3.20f1/Editor/Data/MonoBleedingEdge/etc'
Using monoOptions --debugger-agent=transport=dt_socket,embedding=1,server=y,suspend=n,address=127.0.0.1:56332
Begin MonoManager ReloadAssembly
Registering precompiled unity dll's ...
Register platform support module: C:/Program Files/Unity/Hub/Editor/2021.3.20f1/Editor/Data/PlaybackEngines/WebGLSupport/UnityEditor.WebGL.Extensions.dll
Register platform support module: C:/Program Files/Unity/Hub/Editor/2021.3.20f1/Editor/Data/PlaybackEngines/WindowsStandaloneSupport/UnityEditor.WindowsStandalone.Extensions.dll
Registered in 0.022032 seconds.
Native extension for WindowsStandalone target not found
Native extension for WebGL target not found
Refreshing native plugins compatible for Editor in 174.98 ms, found 3 plugins.
Preloading 0 native plugins for Editor in 0.00 ms.
Mono: successfully reloaded assembly
- Completed reload, in  1.362 seconds
Domain Reload Profiling:
	ReloadAssembly (1364ms)
		BeginReloadAssembly (196ms)
			ExecutionOrderSort (0ms)
			DisableScriptedObjects (0ms)
			BackupInstance (0ms)
			ReleaseScriptingObjects (0ms)
			CreateAndSetChildDomain (1ms)
		EndReloadAssembly (977ms)
			LoadAssemblies (184ms)
			RebuildTransferFunctionScriptingTraits (0ms)
			SetupTypeCache (194ms)
			ReleaseScriptCaches (0ms)
			RebuildScriptCaches (48ms)
			SetupLoadedEditorAssemblies (616ms)
				LogAssemblyErrors (0ms)
				InitializePlatformSupportModulesInManaged (18ms)
				SetLoadedEditorAssemblies (0ms)
				RefreshPlugins (175ms)
				BeforeProcessingInitializeOnLoad (3ms)
				ProcessInitializeOnLoadAttributes (272ms)
				ProcessInitializeOnLoadMethodAttributes (146ms)
				AfterProcessingInitializeOnLoad (0ms)
				EditorAssembliesLoaded (1ms)
			ExecutionOrderSort2 (0ms)
			AwakeInstancesAfterBackupRestoration (0ms)
Platform modules already initialized, skipping
Registering precompiled user dll's ...
Registered in 0.034501 seconds.
Begin MonoManager ReloadAssembly
Symbol file LoadedFromMemory doesn't match image C:\Users\USER 10\Desktop\kuliah\Pengembangan dan Operasi\Code Git HUB\Library\PackageCache\com.unity.visualscripting@1.8.0\Editor\VisualScripting.Core\Dependencies\YamlDotNet\Unity.VisualScripting.YamlDotNet.dll
Symbol file LoadedFromMemory doesn't match image C:\Users\USER 10\Desktop\kuliah\Pengembangan dan Operasi\Code Git HUB\Library\PackageCache\com.unity.visualscripting@1.8.0\Editor\VisualScripting.Core\Dependencies\DotNetZip\Unity.VisualScripting.IonicZip.dll
Native extension for WindowsStandalone target not found
Native extension for WebGL target not found
Refreshing native plugins compatible for Editor in 0.65 ms, found 3 plugins.
Preloading 0 native plugins for Editor in 0.00 ms.
Mono: successfully reloaded assembly
- Completed reload, in  1.820 seconds
Domain Reload Profiling:
	ReloadAssembly (1821ms)
		BeginReloadAssembly (211ms)
			ExecutionOrderSort (0ms)
			DisableScriptedObjects (9ms)
			BackupInstance (0ms)
			ReleaseScriptingObjects (0ms)
			CreateAndSetChildDomain (24ms)
		EndReloadAssembly (1428ms)
			LoadAssemblies (173ms)
			RebuildTransferFunctionScriptingTraits (0ms)
			SetupTypeCache (504ms)
			ReleaseScriptCaches (1ms)
			RebuildScriptCaches (94ms)
			SetupLoadedEditorAssemblies (615ms)
				LogAssemblyErrors (0ms)
				InitializePlatformSupportModulesInManaged (12ms)
				SetLoadedEditorAssemblies (1ms)
				RefreshPlugins (1ms)
				BeforeProcessingInitializeOnLoad (158ms)
				ProcessInitializeOnLoadAttributes (384ms)
				ProcessInitializeOnLoadMethodAttributes (32ms)
				AfterProcessingInitializeOnLoad (27ms)
				EditorAssembliesLoaded (0ms)
			ExecutionOrderSort2 (0ms)
			AwakeInstancesAfterBackupRestoration (12ms)
Platform modules already initialized, skipping
========================================================================
Worker process is ready to serve import requests
Launched and connected shader compiler UnityShaderCompiler.exe after 0.08 seconds
Refreshing native plugins compatible for Editor in 0.61 ms, found 3 plugins.
Preloading 0 native plugins for Editor in 0.00 ms.
Unloading 3064 Unused Serialized files (Serialized files now loaded: 0)
Unloading 24 unused Assets / (113.5 KB). Loaded Objects now: 3524.
Memory consumption went from 110.0 MB to 109.9 MB.
Total: 5.228300 ms (FindLiveObjects: 0.316900 ms CreateObjectMapping: 0.246500 ms MarkObjects: 4.477700 ms  DeleteObjects: 0.185500 ms)

AssetImportParameters requested are different than current active one (requested -> active):
  custom:video-decoder-ogg-theora: a1e56fd34408186e4bbccfd4996cb3dc -> 
  custom:container-muxer-webm: aa71ff27fc2769a1b78a27578f13a17b -> 
  custom:container-demuxer-webm: 4f35f7cbe854078d1ac9338744f61a02 -> 
  custom:video-encoder-webm-vp8: eb34c28f22e8b96e1ab97ce403110664 -> 
  custom:audio-encoder-webm-vorbis: bf7c407c2cedff20999df2af8eb42d56 -> 
  custom:framework-win-MediaFoundation: 216162199b28c13a410421893ffa2e32 -> 
  custom:container-demuxer-ogg: 62fdf1f143b41e24485cea50d1cbac27 -> 
  custom:video-decoder-webm-vp8: 9c59270c3fd7afecdb556c50c9e8de78 -> 
  custom:audio-decoder-ogg-vorbis: bf7c407c2cedff20999df2af8eb42d56 -> 
========================================================================
Received Import Request.
  Time since last request: 2376.627781 seconds.
  path: Assets/Damage (oof).mp3
  artifactKey: Guid(8fe5d6041b93f344786b173e43af5ae3) Importer(815301076,1909f56bfc062723c751e8b465ee728b)
Start importing Assets/Damage (oof).mp3 using Guid(8fe5d6041b93f344786b173e43af5ae3) Importer(815301076,1909f56bfc062723c751e8b465ee728b)  -> (artifact id: '5151ddc2f72f9d4978ce8a68a2daf213') in 0.418718 seconds 
========================================================================
Received Import Request.
  Time since last request: 0.000065 seconds.
  path: Assets/Scenes
  artifactKey: Guid(6ea315d0fd7389c41b19996891e99ae3) Importer(815301076,1909f56bfc062723c751e8b465ee728b)
Start importing Assets/Scenes using Guid(6ea315d0fd7389c41b19996891e99ae3) Importer(815301076,1909f56bfc062723c751e8b465ee728b)  -> (artifact id: 'b8193726cff86800c54781cdc6d54904') in 0.005646 seconds 
========================================================================
Received Import Request.
  Time since last request: 0.000059 seconds.
  path: Assets/Portal.png
  artifactKey: Guid(5dc1fb98d4f29424ba547d4d7cd43ba8) Importer(815301076,1909f56bfc062723c751e8b465ee728b)
Start importing Assets/Portal.png using Guid(5dc1fb98d4f29424ba547d4d7cd43ba8) Importer(815301076,1909f56bfc062723c751e8b465ee728b)  -> (artifact id: '9f5d75cce473dd0da8ce4efb8c56456c') in 0.071620 seconds 
========================================================================
Received Import Request.
  Time since last request: 0.000026 seconds.
  path: Assets/hijau.png
  artifactKey: Guid(ae44ba678f581974ab5454c6f66f4536) Importer(815301076,1909f56bfc062723c751e8b465ee728b)
Start importing Assets/hijau.png using Guid(ae44ba678f581974ab5454c6f66f4536) Importer(815301076,1909f56bfc062723c751e8b465ee728b)  -> (artifact id: 'd173fdfe45f76bca116bda396b779b6f') in 0.025986 seconds 
========================================================================
Received Import Request.
  Time since last request: 0.000032 seconds.
  path: Assets/Victory.mp3
  artifactKey: Guid(b8b036123cd339e4e9c0ff84e5ac4c85) Importer(815301076,1909f56bfc062723c751e8b465ee728b)
Start importing Assets/Victory.mp3 using Guid(b8b036123cd339e4e9c0ff84e5ac4c85) Importer(815301076,1909f56bfc062723c751e8b465ee728b)  -> (artifact id: '62b1519d0a24d8de1e5a27bc04d178da') in 0.028535 seconds 
========================================================================
Received Import Request.
  Time since last request: 0.000123 seconds.
  path: Assets/checkpoint.mp3
  artifactKey: Guid(85919403bc64a0143b00dff47f908919) Importer(815301076,1909f56bfc062723c751e8b465ee728b)
Start importing Assets/checkpoint.mp3 using Guid(85919403bc64a0143b00dff47f908919) Importer(815301076,1909f56bfc062723c751e8b465ee728b)  -> (artifact id: '57e03e839698c30d8e2a343ed27c5f9e') in 0.024524 seconds 
========================================================================
Received Import Request.
  Time since last request: 0.000083 seconds.
  path: Assets/kuning.png
  artifactKey: Guid(77a3f3775842a5c47acb025d149decf8) Importer(815301076,1909f56bfc062723c751e8b465ee728b)
Start importing Assets/kuning.png using Guid(77a3f3775842a5c47acb025d149decf8) Importer(815301076,1909f56bfc062723c751e8b465ee728b)  -> (artifact id: '763b0e767a2b8584b83a58cd3a4755e7') in 0.066160 seconds 
========================================================================
Received Import Request.
  Time since last request: 0.000060 seconds.
  path: Assets/lava.jpg
  artifactKey: Guid(caeda087e176d9147aeec9ff800ff500) Importer(815301076,1909f56bfc062723c751e8b465ee728b)
Start importing Assets/lava.jpg using Guid(caeda087e176d9147aeec9ff800ff500) Importer(815301076,1909f56bfc062723c751e8b465ee728b)  -> (artifact id: '1651dab908c82ffeeacf09d7f67840f2') in 0.044105 seconds 
========================================================================
Received Import Request.
  Time since last request: 0.000077 seconds.
  path: Assets/Scenes/SampleScene.unity
  artifactKey: Guid(9fc0d4010bbf28b4594072e72b8655ab) Importer(815301076,1909f56bfc062723c751e8b465ee728b)
Start importing Assets/Scenes/SampleScene.unity using Guid(9fc0d4010bbf28b4594072e72b8655ab) Importer(815301076,1909f56bfc062723c751e8b465ee728b)  -> (artifact id: 'e55ccaa32d8e5c1de03c07a5412c8c3c') in 0.011542 seconds 
========================================================================
Received Import Request.
  Time since last request: 0.000091 seconds.
  path: Assets/Fire Ball.prefab
  artifactKey: Guid(9f86035280f94284188dbff856f543f0) Importer(815301076,1909f56bfc062723c751e8b465ee728b)
Start importing Assets/Fire Ball.prefab using Guid(9f86035280f94284188dbff856f543f0) Importer(815301076,1909f56bfc062723c751e8b465ee728b)  -> (artifact id: '3d92025fcd66592be36123b680360e1d') in 0.632798 seconds 
========================================================================
Received Import Request.
  Time since last request: 1.769417 seconds.
  path: Assets/Scenes/Log Vertizon.unity
  artifactKey: Guid(4aa4e3d7e9e8d56488bee9fdd78968cc) Importer(815301076,1909f56bfc062723c751e8b465ee728b)
Start importing Assets/Scenes/Log Vertizon.unity using Guid(4aa4e3d7e9e8d56488bee9fdd78968cc) Importer(815301076,1909f56bfc062723c751e8b465ee728b)  -> (artifact id: 'cb46984aade816cc62210c352013b3fd') in 0.003793 seconds 
========================================================================
Received Import Request.
  Time since last request: 3.604147 seconds.
  path: Assets/Scenes/SampleScene.unity
  artifactKey: Guid(9fc0d4010bbf28b4594072e72b8655ab) Importer(815301076,1909f56bfc062723c751e8b465ee728b)
Start importing Assets/Scenes/SampleScene.unity using Guid(9fc0d4010bbf28b4594072e72b8655ab) Importer(815301076,1909f56bfc062723c751e8b465ee728b)  -> (artifact id: '52b59a5d7d6412f3a8599ccc7c4f4d06') in 0.003914 seconds 
